<?xml version="1.0" encoding="UTF-8"?>
<!-- Generated by org.testng.reporters.JUnitXMLReporter -->
<testsuite ignored="0" hostname="DESKTOP-0BECNDI" failures="1" tests="8" name="Parallel Test chrome" time="168.69" errors="0" timestamp="2025-12-04T02:48:25 GMT-05:00">
  <testcase classname="io.cucumber.testng.AbstractTestNGCucumberTests" name="runScenario" time="15.46">
    <failure type="java.lang.NullPointerException">
      <![CDATA[java.lang.NullPointerException
at java.base/java.util.Objects.requireNonNull(Objects.java:233)
at java.base/java.util.ImmutableCollections$Map1.<init>(ImmutableCollections.java:1112)
at java.base/java.util.Map.of(Map.java:1365)
at org.openqa.selenium.remote.DriverCommand.GET(DriverCommand.java:174)
at org.openqa.selenium.remote.RemoteWebDriver.get(RemoteWebDriver.java:325)
at Pages.LaunchPage.launchApplication(LaunchPage.java:39)
at StepDefinitions.SignInStepDef.user_is_in_sign_page(SignInStepDef.java:29)
at ✽.User is in Sign-Page.(file:///C:/Users/Shiva/MAvenProjects/NumpyNinja/SDET229-DSAlgo/src/test/resources/features/Sign-In.feature:4)
]]>
    </failure>
  </testcase> <!-- runScenario -->
  <testcase classname="io.cucumber.testng.AbstractTestNGCucumberTests" name="runScenario" time="55.266"/>
  <testcase classname="io.cucumber.testng.AbstractTestNGCucumberTests" name="runScenario" time="39.982"/>
  <testcase classname="io.cucumber.testng.AbstractTestNGCucumberTests" name="runScenario" time="9.346"/>
  <testcase classname="io.cucumber.testng.AbstractTestNGCucumberTests" name="runScenario" time="9.624"/>
  <testcase classname="io.cucumber.testng.AbstractTestNGCucumberTests" name="runScenario" time="14.29"/>
  <testcase classname="io.cucumber.testng.AbstractTestNGCucumberTests" name="runScenario" time="9.118"/>
  <testcase classname="io.cucumber.testng.AbstractTestNGCucumberTests" name="runScenario" time="9.215"/>
</testsuite> <!-- Parallel Test chrome -->
