<?xml version="1.0" encoding="UTF-8"?>
<!-- Generated by org.testng.reporters.JUnitXMLReporter -->
<testsuite ignored="0" hostname="DESKTOP-0BECNDI" failures="3" tests="8" name="Parallel Test firefox" time="236.646" errors="0" timestamp="2025-12-04T02:49:33 GMT-05:00">
  <testcase classname="io.cucumber.testng.AbstractTestNGCucumberTests" name="runScenario" time="70.263">
    <failure type="java.lang.AssertionError" message="expected [Please fill in this field.] but found [Please fill out this field.]">
      <![CDATA[java.lang.AssertionError: expected [Please fill in this field.] but found [Please fill out this field.]
at StepDefinitions.SignInStepDef.expected_message_should_be_displayed(SignInStepDef.java:131)
at ✽.Expected message should be displayed.(file:///C:/Users/Shiva/MAvenProjects/NumpyNinja/SDET229-DSAlgo/src/test/resources/features/Sign-In.feature:27)
... Removed 6 stack frames]]>
    </failure>
  </testcase> <!-- runScenario -->
  <testcase classname="io.cucumber.testng.AbstractTestNGCucumberTests" name="runScenario" time="57.912">
    <failure type="java.lang.AssertionError" message="expected [Please fill in this field.] but found [Please fill out this field.]">
      <![CDATA[java.lang.AssertionError: expected [Please fill in this field.] but found [Please fill out this field.]
at StepDefinitions.SignInStepDef.expected_message_should_be_displayed(SignInStepDef.java:131)
at ✽.Expected message should be displayed.(file:///C:/Users/Shiva/MAvenProjects/NumpyNinja/SDET229-DSAlgo/src/test/resources/features/Sign-In.feature:27)
... Removed 6 stack frames]]>
    </failure>
  </testcase> <!-- runScenario -->
  <testcase classname="io.cucumber.testng.AbstractTestNGCucumberTests" name="runScenario" time="50.491">
    <failure type="java.lang.AssertionError" message="expected [Please fill in this field.] but found [Please fill out this field.]">
      <![CDATA[java.lang.AssertionError: expected [Please fill in this field.] but found [Please fill out this field.]
at StepDefinitions.SignInStepDef.expected_message_should_be_displayed(SignInStepDef.java:131)
at ✽.Expected message should be displayed.(file:///C:/Users/Shiva/MAvenProjects/NumpyNinja/SDET229-DSAlgo/src/test/resources/features/Sign-In.feature:27)
... Removed 6 stack frames]]>
    </failure>
  </testcase> <!-- runScenario -->
  <testcase classname="io.cucumber.testng.AbstractTestNGCucumberTests" name="runScenario" time="11.953"/>
  <testcase classname="io.cucumber.testng.AbstractTestNGCucumberTests" name="runScenario" time="10.729"/>
  <testcase classname="io.cucumber.testng.AbstractTestNGCucumberTests" name="runScenario" time="9.759"/>
  <testcase classname="io.cucumber.testng.AbstractTestNGCucumberTests" name="runScenario" time="9.703"/>
  <testcase classname="io.cucumber.testng.AbstractTestNGCucumberTests" name="runScenario" time="11.144"/>
</testsuite> <!-- Parallel Test firefox -->
