<?xml version="1.0" encoding="UTF-8"?>
<!-- Generated by org.testng.reporters.JUnitXMLReporter -->
<testsuite ignored="0" hostname="DESKTOP-0BECNDI" failures="0" tests="5" name="ChromeTests" time="127.166" errors="0" timestamp="2025-11-26T10:27:09 GMT-05:00">
  <testcase classname="Runner.DatadriveRunner" name="runScenario" time="121.074"/>
  <testcase classname="Runner.DatadriveRunner" name="runScenario" time="121.103"/>
  <testcase classname="Runner.DatadriveRunner" name="runScenario" time="121.131"/>
  <testcase classname="Runner.DatadriveRunner" name="runScenario" time="121.63"/>
  <testcase classname="Runner.DatadriveRunner" name="runScenario" time="121.868"/>
</testsuite> <!-- ChromeTests -->
