<?xml version="1.0" encoding="UTF-8"?>
<!-- Generated by org.testng.reporters.JUnitXMLReporter -->
<testsuite ignored="0" hostname="DESKTOP-0BECNDI" failures="0" tests="5" name="EdgeTests" time="127.266" errors="0" timestamp="2025-11-26T10:27:09 GMT-05:00">
  <testcase classname="Runner.DatadriveRunner" name="runScenario" time="120.86"/>
  <testcase classname="Runner.DatadriveRunner" name="runScenario" time="120.981"/>
  <testcase classname="Runner.DatadriveRunner" name="runScenario" time="121.042"/>
  <testcase classname="Runner.DatadriveRunner" name="runScenario" time="121.421"/>
  <testcase classname="Runner.DatadriveRunner" name="runScenario" time="121.975"/>
</testsuite> <!-- EdgeTests -->
