<?xml version="1.0" encoding="UTF-8"?>
<!-- Generated by org.testng.reporters.JUnitXMLReporter -->
<testsuite ignored="0" hostname="DESKTOP-0BECNDI" failures="0" tests="5" name="FirefoxTests" time="126.376" errors="0" timestamp="2025-11-26T10:27:08 GMT-05:00">
  <testcase classname="Runner.DatadriveRunner" name="runScenario" time="108.94"/>
  <testcase classname="Runner.DatadriveRunner" name="runScenario" time="108.737"/>
  <testcase classname="Runner.DatadriveRunner" name="runScenario" time="119.082"/>
  <testcase classname="Runner.DatadriveRunner" name="runScenario" time="120.281"/>
  <testcase classname="Runner.DatadriveRunner" name="runScenario" time="120.994"/>
</testsuite> <!-- FirefoxTests -->
