<?xml version="1.0" encoding="UTF-8"?>
<testng-results ignored="0" total="38" passed="38" failed="0" skipped="0">
  <reporter-output>
  </reporter-output>
  <suite started-at="2025-12-05T18:21:59 GMT-05:00" name="Default suite" finished-at="2025-12-05T18:27:45 GMT-05:00" duration-ms="346013">
    <groups>
      <group name="cucumber">
        <method signature="AbstractTestNGCucumberTests.runScenario(io.cucumber.testng.PickleWrapper,io.cucumber.testng.FeatureWrapper)[pri:0, instance:Runner.TestRunner@c86b9e3]" name="runScenario" class="io.cucumber.testng.AbstractTestNGCucumberTests"/>
      </group> <!-- cucumber -->
    </groups>
    <test started-at="2025-12-05T18:21:59 GMT-05:00" name="Default test" finished-at="2025-12-05T18:27:45 GMT-05:00" duration-ms="346013">
      <class name="Runner.TestRunner">
        <test-method is-config="true" signature="setUpClass(org.testng.ITestContext)[pri:0, instance:Runner.TestRunner@c86b9e3]" started-at="2025-12-05T18:21:59 GMT-05:00" name="setUpClass" finished-at="2025-12-05T18:22:02 GMT-05:00" duration-ms="2538" status="PASS">
          <params>
            <param index="0">
              <value>
                <![CDATA[org.testng.TestRunner@59d0f14b]]>
              </value>
            </param>
          </params>
          <reporter-output>
          </reporter-output>
        </test-method> <!-- setUpClass -->
        <test-method is-config="true" signature="beforeClass(java.lang.String)[pri:0, instance:Runner.TestRunner@c86b9e3]" started-at="2025-12-05T18:22:02 GMT-05:00" name="beforeClass" finished-at="2025-12-05T18:22:03 GMT-05:00" duration-ms="1139" status="PASS">
          <params>
            <param index="0">
              <value>
                <![CDATA[chrome]]>
              </value>
            </param>
          </params>
          <reporter-output>
          </reporter-output>
        </test-method> <!-- beforeClass -->
        <test-method signature="runScenario(io.cucumber.testng.PickleWrapper,io.cucumber.testng.FeatureWrapper)[pri:0, instance:Runner.TestRunner@c86b9e3]" started-at="2025-12-05T18:22:03 GMT-05:00" name="runScenario" description="Runs Cucumber Scenarios" data-provider="scenarios" finished-at="2025-12-05T18:22:11 GMT-05:00" duration-ms="8119" status="PASS">
          <params>
            <param index="0">
              <value>
                <![CDATA["Verify count and names of links on Graph Page."]]>
              </value>
            </param>
            <param index="1">
              <value>
                <![CDATA["Graph Module"]]>
              </value>
            </param>
          </params>
          <reporter-output>
          </reporter-output>
        </test-method> <!-- runScenario -->
        <test-method signature="runScenario(io.cucumber.testng.PickleWrapper,io.cucumber.testng.FeatureWrapper)[pri:0, instance:Runner.TestRunner@c86b9e3]" started-at="2025-12-05T18:22:11 GMT-05:00" name="runScenario" description="Runs Cucumber Scenarios" data-provider="scenarios" finished-at="2025-12-05T18:22:18 GMT-05:00" duration-ms="6486" status="PASS">
          <params>
            <param index="0">
              <value>
                <![CDATA["Verify the Links on Graph Page:"]]>
              </value>
            </param>
            <param index="1">
              <value>
                <![CDATA["Graph Module"]]>
              </value>
            </param>
          </params>
          <reporter-output>
          </reporter-output>
        </test-method> <!-- runScenario -->
        <test-method signature="runScenario(io.cucumber.testng.PickleWrapper,io.cucumber.testng.FeatureWrapper)[pri:0, instance:Runner.TestRunner@c86b9e3]" started-at="2025-12-05T18:22:18 GMT-05:00" name="runScenario" description="Runs Cucumber Scenarios" data-provider="scenarios" finished-at="2025-12-05T18:22:24 GMT-05:00" duration-ms="6426" status="PASS">
          <params>
            <param index="0">
              <value>
                <![CDATA["Verify the Links on Graph Page:"]]>
              </value>
            </param>
            <param index="1">
              <value>
                <![CDATA["Graph Module"]]>
              </value>
            </param>
          </params>
          <reporter-output>
          </reporter-output>
        </test-method> <!-- runScenario -->
        <test-method signature="runScenario(io.cucumber.testng.PickleWrapper,io.cucumber.testng.FeatureWrapper)[pri:0, instance:Runner.TestRunner@c86b9e3]" started-at="2025-12-05T18:22:24 GMT-05:00" name="runScenario" description="Runs Cucumber Scenarios" data-provider="scenarios" finished-at="2025-12-05T18:22:32 GMT-05:00" duration-ms="7780" status="PASS">
          <params>
            <param index="0">
              <value>
                <![CDATA[": Verify TryHere Link and code execution for links on  Graph Page"]]>
              </value>
            </param>
            <param index="1">
              <value>
                <![CDATA["Graph Module"]]>
              </value>
            </param>
          </params>
          <reporter-output>
          </reporter-output>
        </test-method> <!-- runScenario -->
        <test-method signature="runScenario(io.cucumber.testng.PickleWrapper,io.cucumber.testng.FeatureWrapper)[pri:0, instance:Runner.TestRunner@c86b9e3]" started-at="2025-12-05T18:22:32 GMT-05:00" name="runScenario" description="Runs Cucumber Scenarios" data-provider="scenarios" finished-at="2025-12-05T18:22:40 GMT-05:00" duration-ms="7774" status="PASS">
          <params>
            <param index="0">
              <value>
                <![CDATA[": Verify TryHere Link and code execution for links on  Graph Page"]]>
              </value>
            </param>
            <param index="1">
              <value>
                <![CDATA["Graph Module"]]>
              </value>
            </param>
          </params>
          <reporter-output>
          </reporter-output>
        </test-method> <!-- runScenario -->
        <test-method signature="runScenario(io.cucumber.testng.PickleWrapper,io.cucumber.testng.FeatureWrapper)[pri:0, instance:Runner.TestRunner@c86b9e3]" started-at="2025-12-05T18:22:40 GMT-05:00" name="runScenario" description="Runs Cucumber Scenarios" data-provider="scenarios" finished-at="2025-12-05T18:22:49 GMT-05:00" duration-ms="9363" status="PASS">
          <params>
            <param index="0">
              <value>
                <![CDATA["Verify TryHere Link and code execution for valid Graph code."]]>
              </value>
            </param>
            <param index="1">
              <value>
                <![CDATA["Graph Module"]]>
              </value>
            </param>
          </params>
          <reporter-output>
          </reporter-output>
        </test-method> <!-- runScenario -->
        <test-method signature="runScenario(io.cucumber.testng.PickleWrapper,io.cucumber.testng.FeatureWrapper)[pri:0, instance:Runner.TestRunner@c86b9e3]" started-at="2025-12-05T18:22:49 GMT-05:00" name="runScenario" description="Runs Cucumber Scenarios" data-provider="scenarios" finished-at="2025-12-05T18:22:57 GMT-05:00" duration-ms="7780" status="PASS">
          <params>
            <param index="0">
              <value>
                <![CDATA["Verify TryHere Link and code execution for valid Graph code."]]>
              </value>
            </param>
            <param index="1">
              <value>
                <![CDATA["Graph Module"]]>
              </value>
            </param>
          </params>
          <reporter-output>
          </reporter-output>
        </test-method> <!-- runScenario -->
        <test-method signature="runScenario(io.cucumber.testng.PickleWrapper,io.cucumber.testng.FeatureWrapper)[pri:0, instance:Runner.TestRunner@c86b9e3]" started-at="2025-12-05T18:22:57 GMT-05:00" name="runScenario" description="Runs Cucumber Scenarios" data-provider="scenarios" finished-at="2025-12-05T18:23:04 GMT-05:00" duration-ms="7500" status="PASS">
          <params>
            <param index="0">
              <value>
                <![CDATA["Verify TryHere Link and code execution for invalid Graph code."]]>
              </value>
            </param>
            <param index="1">
              <value>
                <![CDATA["Graph Module"]]>
              </value>
            </param>
          </params>
          <reporter-output>
          </reporter-output>
        </test-method> <!-- runScenario -->
        <test-method signature="runScenario(io.cucumber.testng.PickleWrapper,io.cucumber.testng.FeatureWrapper)[pri:0, instance:Runner.TestRunner@c86b9e3]" started-at="2025-12-05T18:23:04 GMT-05:00" name="runScenario" description="Runs Cucumber Scenarios" data-provider="scenarios" finished-at="2025-12-05T18:23:12 GMT-05:00" duration-ms="7755" status="PASS">
          <params>
            <param index="0">
              <value>
                <![CDATA["Verify TryHere Link and code execution for invalid Graph code."]]>
              </value>
            </param>
            <param index="1">
              <value>
                <![CDATA["Graph Module"]]>
              </value>
            </param>
          </params>
          <reporter-output>
          </reporter-output>
        </test-method> <!-- runScenario -->
        <test-method signature="runScenario(io.cucumber.testng.PickleWrapper,io.cucumber.testng.FeatureWrapper)[pri:0, instance:Runner.TestRunner@c86b9e3]" started-at="2025-12-05T18:23:12 GMT-05:00" name="runScenario" description="Runs Cucumber Scenarios" data-provider="scenarios" finished-at="2025-12-05T18:23:18 GMT-05:00" duration-ms="5976" status="PASS">
          <params>
            <param index="0">
              <value>
                <![CDATA["Verify count and names of links on Queue Page."]]>
              </value>
            </param>
            <param index="1">
              <value>
                <![CDATA["Queue Module"]]>
              </value>
            </param>
          </params>
          <reporter-output>
          </reporter-output>
        </test-method> <!-- runScenario -->
        <test-method signature="runScenario(io.cucumber.testng.PickleWrapper,io.cucumber.testng.FeatureWrapper)[pri:0, instance:Runner.TestRunner@c86b9e3]" started-at="2025-12-05T18:23:18 GMT-05:00" name="runScenario" description="Runs Cucumber Scenarios" data-provider="scenarios" finished-at="2025-12-05T18:23:24 GMT-05:00" duration-ms="6191" status="PASS">
          <params>
            <param index="0">
              <value>
                <![CDATA["Verify the Links on Queue Page:"]]>
              </value>
            </param>
            <param index="1">
              <value>
                <![CDATA["Queue Module"]]>
              </value>
            </param>
          </params>
          <reporter-output>
          </reporter-output>
        </test-method> <!-- runScenario -->
        <test-method signature="runScenario(io.cucumber.testng.PickleWrapper,io.cucumber.testng.FeatureWrapper)[pri:0, instance:Runner.TestRunner@c86b9e3]" started-at="2025-12-05T18:23:24 GMT-05:00" name="runScenario" description="Runs Cucumber Scenarios" data-provider="scenarios" finished-at="2025-12-05T18:23:30 GMT-05:00" duration-ms="6112" status="PASS">
          <params>
            <param index="0">
              <value>
                <![CDATA["Verify the Links on Queue Page:"]]>
              </value>
            </param>
            <param index="1">
              <value>
                <![CDATA["Queue Module"]]>
              </value>
            </param>
          </params>
          <reporter-output>
          </reporter-output>
        </test-method> <!-- runScenario -->
        <test-method signature="runScenario(io.cucumber.testng.PickleWrapper,io.cucumber.testng.FeatureWrapper)[pri:0, instance:Runner.TestRunner@c86b9e3]" started-at="2025-12-05T18:23:30 GMT-05:00" name="runScenario" description="Runs Cucumber Scenarios" data-provider="scenarios" finished-at="2025-12-05T18:23:37 GMT-05:00" duration-ms="6359" status="PASS">
          <params>
            <param index="0">
              <value>
                <![CDATA["Verify the Links on Queue Page:"]]>
              </value>
            </param>
            <param index="1">
              <value>
                <![CDATA["Queue Module"]]>
              </value>
            </param>
          </params>
          <reporter-output>
          </reporter-output>
        </test-method> <!-- runScenario -->
        <test-method signature="runScenario(io.cucumber.testng.PickleWrapper,io.cucumber.testng.FeatureWrapper)[pri:0, instance:Runner.TestRunner@c86b9e3]" started-at="2025-12-05T18:23:37 GMT-05:00" name="runScenario" description="Runs Cucumber Scenarios" data-provider="scenarios" finished-at="2025-12-05T18:23:43 GMT-05:00" duration-ms="6165" status="PASS">
          <params>
            <param index="0">
              <value>
                <![CDATA["Verify the Links on Queue Page:"]]>
              </value>
            </param>
            <param index="1">
              <value>
                <![CDATA["Queue Module"]]>
              </value>
            </param>
          </params>
          <reporter-output>
          </reporter-output>
        </test-method> <!-- runScenario -->
        <test-method signature="runScenario(io.cucumber.testng.PickleWrapper,io.cucumber.testng.FeatureWrapper)[pri:0, instance:Runner.TestRunner@c86b9e3]" started-at="2025-12-05T18:23:43 GMT-05:00" name="runScenario" description="Runs Cucumber Scenarios" data-provider="scenarios" finished-at="2025-12-05T18:23:51 GMT-05:00" duration-ms="7796" status="PASS">
          <params>
            <param index="0">
              <value>
                <![CDATA[": Verify TryHere Link and code execution for Queue Page"]]>
              </value>
            </param>
            <param index="1">
              <value>
                <![CDATA["Queue Module"]]>
              </value>
            </param>
          </params>
          <reporter-output>
          </reporter-output>
        </test-method> <!-- runScenario -->
        <test-method signature="runScenario(io.cucumber.testng.PickleWrapper,io.cucumber.testng.FeatureWrapper)[pri:0, instance:Runner.TestRunner@c86b9e3]" started-at="2025-12-05T18:23:51 GMT-05:00" name="runScenario" description="Runs Cucumber Scenarios" data-provider="scenarios" finished-at="2025-12-05T18:23:59 GMT-05:00" duration-ms="7744" status="PASS">
          <params>
            <param index="0">
              <value>
                <![CDATA[": Verify TryHere Link and code execution for Queue Page"]]>
              </value>
            </param>
            <param index="1">
              <value>
                <![CDATA["Queue Module"]]>
              </value>
            </param>
          </params>
          <reporter-output>
          </reporter-output>
        </test-method> <!-- runScenario -->
        <test-method signature="runScenario(io.cucumber.testng.PickleWrapper,io.cucumber.testng.FeatureWrapper)[pri:0, instance:Runner.TestRunner@c86b9e3]" started-at="2025-12-05T18:23:59 GMT-05:00" name="runScenario" description="Runs Cucumber Scenarios" data-provider="scenarios" finished-at="2025-12-05T18:24:06 GMT-05:00" duration-ms="7753" status="PASS">
          <params>
            <param index="0">
              <value>
                <![CDATA[": Verify TryHere Link and code execution for Queue Page"]]>
              </value>
            </param>
            <param index="1">
              <value>
                <![CDATA["Queue Module"]]>
              </value>
            </param>
          </params>
          <reporter-output>
          </reporter-output>
        </test-method> <!-- runScenario -->
        <test-method signature="runScenario(io.cucumber.testng.PickleWrapper,io.cucumber.testng.FeatureWrapper)[pri:0, instance:Runner.TestRunner@c86b9e3]" started-at="2025-12-05T18:24:06 GMT-05:00" name="runScenario" description="Runs Cucumber Scenarios" data-provider="scenarios" finished-at="2025-12-05T18:24:14 GMT-05:00" duration-ms="7496" status="PASS">
          <params>
            <param index="0">
              <value>
                <![CDATA[": Verify TryHere Link and code execution for Queue Page"]]>
              </value>
            </param>
            <param index="1">
              <value>
                <![CDATA["Queue Module"]]>
              </value>
            </param>
          </params>
          <reporter-output>
          </reporter-output>
        </test-method> <!-- runScenario -->
        <test-method signature="runScenario(io.cucumber.testng.PickleWrapper,io.cucumber.testng.FeatureWrapper)[pri:0, instance:Runner.TestRunner@c86b9e3]" started-at="2025-12-05T18:24:14 GMT-05:00" name="runScenario" description="Runs Cucumber Scenarios" data-provider="scenarios" finished-at="2025-12-05T18:24:22 GMT-05:00" duration-ms="7894" status="PASS">
          <params>
            <param index="0">
              <value>
                <![CDATA["Verify TryHere Link and code execution for valid Queue code."]]>
              </value>
            </param>
            <param index="1">
              <value>
                <![CDATA["Queue Module"]]>
              </value>
            </param>
          </params>
          <reporter-output>
          </reporter-output>
        </test-method> <!-- runScenario -->
        <test-method signature="runScenario(io.cucumber.testng.PickleWrapper,io.cucumber.testng.FeatureWrapper)[pri:0, instance:Runner.TestRunner@c86b9e3]" started-at="2025-12-05T18:24:22 GMT-05:00" name="runScenario" description="Runs Cucumber Scenarios" data-provider="scenarios" finished-at="2025-12-05T18:24:29 GMT-05:00" duration-ms="7746" status="PASS">
          <params>
            <param index="0">
              <value>
                <![CDATA["Verify TryHere Link and code execution for valid Queue code."]]>
              </value>
            </param>
            <param index="1">
              <value>
                <![CDATA["Queue Module"]]>
              </value>
            </param>
          </params>
          <reporter-output>
          </reporter-output>
        </test-method> <!-- runScenario -->
        <test-method signature="runScenario(io.cucumber.testng.PickleWrapper,io.cucumber.testng.FeatureWrapper)[pri:0, instance:Runner.TestRunner@c86b9e3]" started-at="2025-12-05T18:24:29 GMT-05:00" name="runScenario" description="Runs Cucumber Scenarios" data-provider="scenarios" finished-at="2025-12-05T18:24:38 GMT-05:00" duration-ms="8200" status="PASS">
          <params>
            <param index="0">
              <value>
                <![CDATA["Verify TryHere Link and code execution for valid Queue code."]]>
              </value>
            </param>
            <param index="1">
              <value>
                <![CDATA["Queue Module"]]>
              </value>
            </param>
          </params>
          <reporter-output>
          </reporter-output>
        </test-method> <!-- runScenario -->
        <test-method signature="runScenario(io.cucumber.testng.PickleWrapper,io.cucumber.testng.FeatureWrapper)[pri:0, instance:Runner.TestRunner@c86b9e3]" started-at="2025-12-05T18:24:38 GMT-05:00" name="runScenario" description="Runs Cucumber Scenarios" data-provider="scenarios" finished-at="2025-12-05T18:24:47 GMT-05:00" duration-ms="8820" status="PASS">
          <params>
            <param index="0">
              <value>
                <![CDATA["Verify TryHere Link and code execution for valid Queue code."]]>
              </value>
            </param>
            <param index="1">
              <value>
                <![CDATA["Queue Module"]]>
              </value>
            </param>
          </params>
          <reporter-output>
          </reporter-output>
        </test-method> <!-- runScenario -->
        <test-method signature="runScenario(io.cucumber.testng.PickleWrapper,io.cucumber.testng.FeatureWrapper)[pri:0, instance:Runner.TestRunner@c86b9e3]" started-at="2025-12-05T18:24:47 GMT-05:00" name="runScenario" description="Runs Cucumber Scenarios" data-provider="scenarios" finished-at="2025-12-05T18:24:54 GMT-05:00" duration-ms="7752" status="PASS">
          <params>
            <param index="0">
              <value>
                <![CDATA["Verify TryHere Link and code execution for invalid Queue code."]]>
              </value>
            </param>
            <param index="1">
              <value>
                <![CDATA["Queue Module"]]>
              </value>
            </param>
          </params>
          <reporter-output>
          </reporter-output>
        </test-method> <!-- runScenario -->
        <test-method signature="runScenario(io.cucumber.testng.PickleWrapper,io.cucumber.testng.FeatureWrapper)[pri:0, instance:Runner.TestRunner@c86b9e3]" started-at="2025-12-05T18:24:54 GMT-05:00" name="runScenario" description="Runs Cucumber Scenarios" data-provider="scenarios" finished-at="2025-12-05T18:25:02 GMT-05:00" duration-ms="7422" status="PASS">
          <params>
            <param index="0">
              <value>
                <![CDATA["Verify TryHere Link and code execution for invalid Queue code."]]>
              </value>
            </param>
            <param index="1">
              <value>
                <![CDATA["Queue Module"]]>
              </value>
            </param>
          </params>
          <reporter-output>
          </reporter-output>
        </test-method> <!-- runScenario -->
        <test-method signature="runScenario(io.cucumber.testng.PickleWrapper,io.cucumber.testng.FeatureWrapper)[pri:0, instance:Runner.TestRunner@c86b9e3]" started-at="2025-12-05T18:25:02 GMT-05:00" name="runScenario" description="Runs Cucumber Scenarios" data-provider="scenarios" finished-at="2025-12-05T18:25:09 GMT-05:00" duration-ms="7779" status="PASS">
          <params>
            <param index="0">
              <value>
                <![CDATA["Verify TryHere Link and code execution for invalid Queue code."]]>
              </value>
            </param>
            <param index="1">
              <value>
                <![CDATA["Queue Module"]]>
              </value>
            </param>
          </params>
          <reporter-output>
          </reporter-output>
        </test-method> <!-- runScenario -->
        <test-method signature="runScenario(io.cucumber.testng.PickleWrapper,io.cucumber.testng.FeatureWrapper)[pri:0, instance:Runner.TestRunner@c86b9e3]" started-at="2025-12-05T18:25:09 GMT-05:00" name="runScenario" description="Runs Cucumber Scenarios" data-provider="scenarios" finished-at="2025-12-05T18:25:17 GMT-05:00" duration-ms="7571" status="PASS">
          <params>
            <param index="0">
              <value>
                <![CDATA["Verify TryHere Link and code execution for invalid Queue code."]]>
              </value>
            </param>
            <param index="1">
              <value>
                <![CDATA["Queue Module"]]>
              </value>
            </param>
          </params>
          <reporter-output>
          </reporter-output>
        </test-method> <!-- runScenario -->
        <test-method signature="runScenario(io.cucumber.testng.PickleWrapper,io.cucumber.testng.FeatureWrapper)[pri:0, instance:Runner.TestRunner@c86b9e3]" started-at="2025-12-05T18:25:17 GMT-05:00" name="runScenario" description="Runs Cucumber Scenarios" data-provider="scenarios" finished-at="2025-12-05T18:25:21 GMT-05:00" duration-ms="4319" status="PASS">
          <params>
            <param index="0">
              <value>
                <![CDATA["Verify Sign-in link on Sign-In Page"]]>
              </value>
            </param>
            <param index="1">
              <value>
                <![CDATA["Sign-In"]]>
              </value>
            </param>
          </params>
          <reporter-output>
          </reporter-output>
        </test-method> <!-- runScenario -->
        <test-method signature="runScenario(io.cucumber.testng.PickleWrapper,io.cucumber.testng.FeatureWrapper)[pri:0, instance:Runner.TestRunner@c86b9e3]" started-at="2025-12-05T18:25:21 GMT-05:00" name="runScenario" description="Runs Cucumber Scenarios" data-provider="scenarios" finished-at="2025-12-05T18:25:26 GMT-05:00" duration-ms="4467" status="PASS">
          <params>
            <param index="0">
              <value>
                <![CDATA["Verify register link in the top right of the Sign-In Page."]]>
              </value>
            </param>
            <param index="1">
              <value>
                <![CDATA["Sign-In"]]>
              </value>
            </param>
          </params>
          <reporter-output>
          </reporter-output>
        </test-method> <!-- runScenario -->
        <test-method signature="runScenario(io.cucumber.testng.PickleWrapper,io.cucumber.testng.FeatureWrapper)[pri:0, instance:Runner.TestRunner@c86b9e3]" started-at="2025-12-05T18:25:26 GMT-05:00" name="runScenario" description="Runs Cucumber Scenarios" data-provider="scenarios" finished-at="2025-12-05T18:25:30 GMT-05:00" duration-ms="4443" status="PASS">
          <params>
            <param index="0">
              <value>
                <![CDATA["Verify register! link below username and password field of Sign-In Page."]]>
              </value>
            </param>
            <param index="1">
              <value>
                <![CDATA["Sign-In"]]>
              </value>
            </param>
          </params>
          <reporter-output>
          </reporter-output>
        </test-method> <!-- runScenario -->
        <test-method signature="runScenario(io.cucumber.testng.PickleWrapper,io.cucumber.testng.FeatureWrapper)[pri:0, instance:Runner.TestRunner@c86b9e3]" started-at="2025-12-05T18:25:30 GMT-05:00" name="runScenario" description="Runs Cucumber Scenarios" data-provider="scenarios" finished-at="2025-12-05T18:26:05 GMT-05:00" duration-ms="34950" status="PASS">
          <params>
            <param index="0">
              <value>
                <![CDATA["Verify Login with valid and invalid credentials from Excel through Scenario Outline."]]>
              </value>
            </param>
            <param index="1">
              <value>
                <![CDATA["Sign-In"]]>
              </value>
            </param>
          </params>
          <reporter-output>
          </reporter-output>
        </test-method> <!-- runScenario -->
        <test-method signature="runScenario(io.cucumber.testng.PickleWrapper,io.cucumber.testng.FeatureWrapper)[pri:0, instance:Runner.TestRunner@c86b9e3]" started-at="2025-12-05T18:26:05 GMT-05:00" name="runScenario" description="Runs Cucumber Scenarios" data-provider="scenarios" finished-at="2025-12-05T18:26:40 GMT-05:00" duration-ms="34868" status="PASS">
          <params>
            <param index="0">
              <value>
                <![CDATA["Verify Login with valid and invalid credentials from Excel through Scenario Outline."]]>
              </value>
            </param>
            <param index="1">
              <value>
                <![CDATA["Sign-In"]]>
              </value>
            </param>
          </params>
          <reporter-output>
          </reporter-output>
        </test-method> <!-- runScenario -->
        <test-method signature="runScenario(io.cucumber.testng.PickleWrapper,io.cucumber.testng.FeatureWrapper)[pri:0, instance:Runner.TestRunner@c86b9e3]" started-at="2025-12-05T18:26:40 GMT-05:00" name="runScenario" description="Runs Cucumber Scenarios" data-provider="scenarios" finished-at="2025-12-05T18:27:15 GMT-05:00" duration-ms="34812" status="PASS">
          <params>
            <param index="0">
              <value>
                <![CDATA["Verify Login with valid and invalid credentials from Excel through Scenario Outline."]]>
              </value>
            </param>
            <param index="1">
              <value>
                <![CDATA["Sign-In"]]>
              </value>
            </param>
          </params>
          <reporter-output>
          </reporter-output>
        </test-method> <!-- runScenario -->
        <test-method signature="runScenario(io.cucumber.testng.PickleWrapper,io.cucumber.testng.FeatureWrapper)[pri:0, instance:Runner.TestRunner@c86b9e3]" started-at="2025-12-05T18:27:15 GMT-05:00" name="runScenario" description="Runs Cucumber Scenarios" data-provider="scenarios" finished-at="2025-12-05T18:27:20 GMT-05:00" duration-ms="5214" status="PASS">
          <params>
            <param index="0">
              <value>
                <![CDATA["Verify Login with valid and invalid credentials from Excel through Scenario Outline."]]>
              </value>
            </param>
            <param index="1">
              <value>
                <![CDATA["Sign-In"]]>
              </value>
            </param>
          </params>
          <reporter-output>
          </reporter-output>
        </test-method> <!-- runScenario -->
        <test-method signature="runScenario(io.cucumber.testng.PickleWrapper,io.cucumber.testng.FeatureWrapper)[pri:0, instance:Runner.TestRunner@c86b9e3]" started-at="2025-12-05T18:27:20 GMT-05:00" name="runScenario" description="Runs Cucumber Scenarios" data-provider="scenarios" finished-at="2025-12-05T18:27:25 GMT-05:00" duration-ms="5013" status="PASS">
          <params>
            <param index="0">
              <value>
                <![CDATA["Verify Login with valid and invalid credentials from Excel through Scenario Outline."]]>
              </value>
            </param>
            <param index="1">
              <value>
                <![CDATA["Sign-In"]]>
              </value>
            </param>
          </params>
          <reporter-output>
          </reporter-output>
        </test-method> <!-- runScenario -->
        <test-method signature="runScenario(io.cucumber.testng.PickleWrapper,io.cucumber.testng.FeatureWrapper)[pri:0, instance:Runner.TestRunner@c86b9e3]" started-at="2025-12-05T18:27:25 GMT-05:00" name="runScenario" description="Runs Cucumber Scenarios" data-provider="scenarios" finished-at="2025-12-05T18:27:30 GMT-05:00" duration-ms="4807" status="PASS">
          <params>
            <param index="0">
              <value>
                <![CDATA["Verify Login with valid and invalid credentials from Excel through Scenario Outline."]]>
              </value>
            </param>
            <param index="1">
              <value>
                <![CDATA["Sign-In"]]>
              </value>
            </param>
          </params>
          <reporter-output>
          </reporter-output>
        </test-method> <!-- runScenario -->
        <test-method signature="runScenario(io.cucumber.testng.PickleWrapper,io.cucumber.testng.FeatureWrapper)[pri:0, instance:Runner.TestRunner@c86b9e3]" started-at="2025-12-05T18:27:30 GMT-05:00" name="runScenario" description="Runs Cucumber Scenarios" data-provider="scenarios" finished-at="2025-12-05T18:27:35 GMT-05:00" duration-ms="4793" status="PASS">
          <params>
            <param index="0">
              <value>
                <![CDATA["Verify Login with valid and invalid credentials from Excel through Scenario Outline."]]>
              </value>
            </param>
            <param index="1">
              <value>
                <![CDATA["Sign-In"]]>
              </value>
            </param>
          </params>
          <reporter-output>
          </reporter-output>
        </test-method> <!-- runScenario -->
        <test-method signature="runScenario(io.cucumber.testng.PickleWrapper,io.cucumber.testng.FeatureWrapper)[pri:0, instance:Runner.TestRunner@c86b9e3]" started-at="2025-12-05T18:27:35 GMT-05:00" name="runScenario" description="Runs Cucumber Scenarios" data-provider="scenarios" finished-at="2025-12-05T18:27:39 GMT-05:00" duration-ms="4758" status="PASS">
          <params>
            <param index="0">
              <value>
                <![CDATA["Verify Login with valid and invalid credentials from Excel through Scenario Outline."]]>
              </value>
            </param>
            <param index="1">
              <value>
                <![CDATA["Sign-In"]]>
              </value>
            </param>
          </params>
          <reporter-output>
          </reporter-output>
        </test-method> <!-- runScenario -->
        <test-method signature="runScenario(io.cucumber.testng.PickleWrapper,io.cucumber.testng.FeatureWrapper)[pri:0, instance:Runner.TestRunner@c86b9e3]" started-at="2025-12-05T18:27:40 GMT-05:00" name="runScenario" description="Runs Cucumber Scenarios" data-provider="scenarios" finished-at="2025-12-05T18:27:44 GMT-05:00" duration-ms="4994" status="PASS">
          <params>
            <param index="0">
              <value>
                <![CDATA["Verify Login Credentials."]]>
              </value>
            </param>
            <param index="1">
              <value>
                <![CDATA["Sign-In"]]>
              </value>
            </param>
          </params>
          <reporter-output>
          </reporter-output>
        </test-method> <!-- runScenario -->
        <test-method is-config="true" signature="tearDownClass()[pri:0, instance:Runner.TestRunner@c86b9e3]" started-at="2025-12-05T18:27:45 GMT-05:00" name="tearDownClass" finished-at="2025-12-05T18:27:45 GMT-05:00" duration-ms="893" status="PASS">
          <reporter-output>
          </reporter-output>
        </test-method> <!-- tearDownClass -->
      </class> <!-- Runner.TestRunner -->
    </test> <!-- Default test -->
  </suite> <!-- Default suite -->
</testng-results>
