<?xml version="1.0" encoding="UTF-8"?>
<testng-results ignored="0" total="12" passed="12" failed="0" skipped="0">
  <reporter-output>
  </reporter-output>
  <suite started-at="2025-12-04T18:14:17 GMT-05:00" name="Default suite" finished-at="2025-12-04T18:15:54 GMT-05:00" duration-ms="96702">
    <groups>
      <group name="cucumber">
        <method signature="AbstractTestNGCucumberTests.runScenario(io.cucumber.testng.PickleWrapper,io.cucumber.testng.FeatureWrapper)[pri:0, instance:Runner.TestRunner@c86b9e3]" name="runScenario" class="io.cucumber.testng.AbstractTestNGCucumberTests"/>
      </group> <!-- cucumber -->
    </groups>
    <test started-at="2025-12-04T18:14:17 GMT-05:00" name="Default test" finished-at="2025-12-04T18:15:54 GMT-05:00" duration-ms="96702">
      <class name="Runner.TestRunner">
        <test-method is-config="true" signature="setUpClass(org.testng.ITestContext)[pri:0, instance:Runner.TestRunner@c86b9e3]" started-at="2025-12-04T18:14:17 GMT-05:00" name="setUpClass" finished-at="2025-12-04T18:14:19 GMT-05:00" duration-ms="2220" status="PASS">
          <params>
            <param index="0">
              <value>
                <![CDATA[org.testng.TestRunner@613ba54e]]>
              </value>
            </param>
          </params>
          <reporter-output>
          </reporter-output>
        </test-method> <!-- setUpClass -->
        <test-method is-config="true" signature="beforeClass(java.lang.String)[pri:0, instance:Runner.TestRunner@c86b9e3]" started-at="2025-12-04T18:14:19 GMT-05:00" name="beforeClass" finished-at="2025-12-04T18:14:20 GMT-05:00" duration-ms="1047" status="PASS">
          <params>
            <param index="0">
              <value>
                <![CDATA[chrome]]>
              </value>
            </param>
          </params>
          <reporter-output>
          </reporter-output>
        </test-method> <!-- beforeClass -->
        <test-method signature="runScenario(io.cucumber.testng.PickleWrapper,io.cucumber.testng.FeatureWrapper)[pri:0, instance:Runner.TestRunner@c86b9e3]" started-at="2025-12-04T18:14:20 GMT-05:00" name="runScenario" description="Runs Cucumber Scenarios" data-provider="scenarios" finished-at="2025-12-04T18:14:32 GMT-05:00" duration-ms="11386" status="PASS">
          <params>
            <param index="0">
              <value>
                <![CDATA["Verify TryHere Link and code execution for valid Graph code."]]>
              </value>
            </param>
            <param index="1">
              <value>
                <![CDATA["Graph Module"]]>
              </value>
            </param>
          </params>
          <reporter-output>
          </reporter-output>
        </test-method> <!-- runScenario -->
        <test-method signature="runScenario(io.cucumber.testng.PickleWrapper,io.cucumber.testng.FeatureWrapper)[pri:0, instance:Runner.TestRunner@c86b9e3]" started-at="2025-12-04T18:14:32 GMT-05:00" name="runScenario" description="Runs Cucumber Scenarios" data-provider="scenarios" finished-at="2025-12-04T18:14:40 GMT-05:00" duration-ms="7809" status="PASS">
          <params>
            <param index="0">
              <value>
                <![CDATA["Verify TryHere Link and code execution for valid Graph code."]]>
              </value>
            </param>
            <param index="1">
              <value>
                <![CDATA["Graph Module"]]>
              </value>
            </param>
          </params>
          <reporter-output>
          </reporter-output>
        </test-method> <!-- runScenario -->
        <test-method signature="runScenario(io.cucumber.testng.PickleWrapper,io.cucumber.testng.FeatureWrapper)[pri:0, instance:Runner.TestRunner@c86b9e3]" started-at="2025-12-04T18:14:40 GMT-05:00" name="runScenario" description="Runs Cucumber Scenarios" data-provider="scenarios" finished-at="2025-12-04T18:14:47 GMT-05:00" duration-ms="7613" status="PASS">
          <params>
            <param index="0">
              <value>
                <![CDATA["Verify TryHere Link and code execution for invalid Graph code."]]>
              </value>
            </param>
            <param index="1">
              <value>
                <![CDATA["Graph Module"]]>
              </value>
            </param>
          </params>
          <reporter-output>
          </reporter-output>
        </test-method> <!-- runScenario -->
        <test-method signature="runScenario(io.cucumber.testng.PickleWrapper,io.cucumber.testng.FeatureWrapper)[pri:0, instance:Runner.TestRunner@c86b9e3]" started-at="2025-12-04T18:14:47 GMT-05:00" name="runScenario" description="Runs Cucumber Scenarios" data-provider="scenarios" finished-at="2025-12-04T18:14:55 GMT-05:00" duration-ms="7533" status="PASS">
          <params>
            <param index="0">
              <value>
                <![CDATA["Verify TryHere Link and code execution for invalid Graph code."]]>
              </value>
            </param>
            <param index="1">
              <value>
                <![CDATA["Graph Module"]]>
              </value>
            </param>
          </params>
          <reporter-output>
          </reporter-output>
        </test-method> <!-- runScenario -->
        <test-method signature="runScenario(io.cucumber.testng.PickleWrapper,io.cucumber.testng.FeatureWrapper)[pri:0, instance:Runner.TestRunner@c86b9e3]" started-at="2025-12-04T18:14:55 GMT-05:00" name="runScenario" description="Runs Cucumber Scenarios" data-provider="scenarios" finished-at="2025-12-04T18:15:03 GMT-05:00" duration-ms="7870" status="PASS">
          <params>
            <param index="0">
              <value>
                <![CDATA["Verify TryHere Link and code execution for valid Queue code."]]>
              </value>
            </param>
            <param index="1">
              <value>
                <![CDATA["Queue Module"]]>
              </value>
            </param>
          </params>
          <reporter-output>
          </reporter-output>
        </test-method> <!-- runScenario -->
        <test-method signature="runScenario(io.cucumber.testng.PickleWrapper,io.cucumber.testng.FeatureWrapper)[pri:0, instance:Runner.TestRunner@c86b9e3]" started-at="2025-12-04T18:15:03 GMT-05:00" name="runScenario" description="Runs Cucumber Scenarios" data-provider="scenarios" finished-at="2025-12-04T18:15:10 GMT-05:00" duration-ms="7389" status="PASS">
          <params>
            <param index="0">
              <value>
                <![CDATA["Verify TryHere Link and code execution for valid Queue code."]]>
              </value>
            </param>
            <param index="1">
              <value>
                <![CDATA["Queue Module"]]>
              </value>
            </param>
          </params>
          <reporter-output>
          </reporter-output>
        </test-method> <!-- runScenario -->
        <test-method signature="runScenario(io.cucumber.testng.PickleWrapper,io.cucumber.testng.FeatureWrapper)[pri:0, instance:Runner.TestRunner@c86b9e3]" started-at="2025-12-04T18:15:10 GMT-05:00" name="runScenario" description="Runs Cucumber Scenarios" data-provider="scenarios" finished-at="2025-12-04T18:15:18 GMT-05:00" duration-ms="7641" status="PASS">
          <params>
            <param index="0">
              <value>
                <![CDATA["Verify TryHere Link and code execution for valid Queue code."]]>
              </value>
            </param>
            <param index="1">
              <value>
                <![CDATA["Queue Module"]]>
              </value>
            </param>
          </params>
          <reporter-output>
          </reporter-output>
        </test-method> <!-- runScenario -->
        <test-method signature="runScenario(io.cucumber.testng.PickleWrapper,io.cucumber.testng.FeatureWrapper)[pri:0, instance:Runner.TestRunner@c86b9e3]" started-at="2025-12-04T18:15:18 GMT-05:00" name="runScenario" description="Runs Cucumber Scenarios" data-provider="scenarios" finished-at="2025-12-04T18:15:25 GMT-05:00" duration-ms="7267" status="PASS">
          <params>
            <param index="0">
              <value>
                <![CDATA["Verify TryHere Link and code execution for valid Queue code."]]>
              </value>
            </param>
            <param index="1">
              <value>
                <![CDATA["Queue Module"]]>
              </value>
            </param>
          </params>
          <reporter-output>
          </reporter-output>
        </test-method> <!-- runScenario -->
        <test-method signature="runScenario(io.cucumber.testng.PickleWrapper,io.cucumber.testng.FeatureWrapper)[pri:0, instance:Runner.TestRunner@c86b9e3]" started-at="2025-12-04T18:15:25 GMT-05:00" name="runScenario" description="Runs Cucumber Scenarios" data-provider="scenarios" finished-at="2025-12-04T18:15:32 GMT-05:00" duration-ms="7172" status="PASS">
          <params>
            <param index="0">
              <value>
                <![CDATA["Verify TryHere Link and code execution for invalid Queue code."]]>
              </value>
            </param>
            <param index="1">
              <value>
                <![CDATA["Queue Module"]]>
              </value>
            </param>
          </params>
          <reporter-output>
          </reporter-output>
        </test-method> <!-- runScenario -->
        <test-method signature="runScenario(io.cucumber.testng.PickleWrapper,io.cucumber.testng.FeatureWrapper)[pri:0, instance:Runner.TestRunner@c86b9e3]" started-at="2025-12-04T18:15:32 GMT-05:00" name="runScenario" description="Runs Cucumber Scenarios" data-provider="scenarios" finished-at="2025-12-04T18:15:39 GMT-05:00" duration-ms="7012" status="PASS">
          <params>
            <param index="0">
              <value>
                <![CDATA["Verify TryHere Link and code execution for invalid Queue code."]]>
              </value>
            </param>
            <param index="1">
              <value>
                <![CDATA["Queue Module"]]>
              </value>
            </param>
          </params>
          <reporter-output>
          </reporter-output>
        </test-method> <!-- runScenario -->
        <test-method signature="runScenario(io.cucumber.testng.PickleWrapper,io.cucumber.testng.FeatureWrapper)[pri:0, instance:Runner.TestRunner@c86b9e3]" started-at="2025-12-04T18:15:39 GMT-05:00" name="runScenario" description="Runs Cucumber Scenarios" data-provider="scenarios" finished-at="2025-12-04T18:15:46 GMT-05:00" duration-ms="6919" status="PASS">
          <params>
            <param index="0">
              <value>
                <![CDATA["Verify TryHere Link and code execution for invalid Queue code."]]>
              </value>
            </param>
            <param index="1">
              <value>
                <![CDATA["Queue Module"]]>
              </value>
            </param>
          </params>
          <reporter-output>
          </reporter-output>
        </test-method> <!-- runScenario -->
        <test-method signature="runScenario(io.cucumber.testng.PickleWrapper,io.cucumber.testng.FeatureWrapper)[pri:0, instance:Runner.TestRunner@c86b9e3]" started-at="2025-12-04T18:15:46 GMT-05:00" name="runScenario" description="Runs Cucumber Scenarios" data-provider="scenarios" finished-at="2025-12-04T18:15:53 GMT-05:00" duration-ms="6894" status="PASS">
          <params>
            <param index="0">
              <value>
                <![CDATA["Verify TryHere Link and code execution for invalid Queue code."]]>
              </value>
            </param>
            <param index="1">
              <value>
                <![CDATA["Queue Module"]]>
              </value>
            </param>
          </params>
          <reporter-output>
          </reporter-output>
        </test-method> <!-- runScenario -->
        <test-method is-config="true" signature="tearDownClass()[pri:0, instance:Runner.TestRunner@c86b9e3]" started-at="2025-12-04T18:15:53 GMT-05:00" name="tearDownClass" finished-at="2025-12-04T18:15:54 GMT-05:00" duration-ms="773" status="PASS">
          <reporter-output>
          </reporter-output>
        </test-method> <!-- tearDownClass -->
      </class> <!-- Runner.TestRunner -->
    </test> <!-- Default test -->
  </suite> <!-- Default suite -->
</testng-results>
