<?xml version="1.0" encoding="UTF-8"?>
<!-- Generated by org.testng.reporters.JUnitReportReporter -->
<testsuite hostname="DESKTOP-0BECNDI" failures="0" tests="12" name="Runner.TestRunner" time="92.505" errors="0" timestamp="2025-12-04T18:15:54 GMT-05:00" skipped="0">
  <testcase classname="Runner.TestRunner" name="runScenario" time="7.641"/>
  <testcase classname="Runner.TestRunner" name="runScenario" time="7.012"/>
  <testcase classname="Runner.TestRunner" name="runScenario" time="7.870"/>
  <testcase classname="Runner.TestRunner" name="runScenario" time="7.613"/>
  <testcase classname="Runner.TestRunner" name="runScenario" time="6.894"/>
  <testcase classname="Runner.TestRunner" name="runScenario" time="11.386"/>
  <testcase classname="Runner.TestRunner" name="runScenario" time="7.809"/>
  <testcase classname="Runner.TestRunner" name="runScenario" time="6.919"/>
  <testcase classname="Runner.TestRunner" name="runScenario" time="7.172"/>
  <testcase classname="Runner.TestRunner" name="runScenario" time="7.389"/>
  <testcase classname="Runner.TestRunner" name="runScenario" time="7.267"/>
  <testcase classname="Runner.TestRunner" name="runScenario" time="7.533"/>
</testsuite> <!-- Runner.TestRunner -->
