<?xml version="1.0" encoding="UTF-8"?>
<!-- Generated by org.testng.reporters.JUnitReportReporter -->
<testsuite hostname="DESKTOP-0BECNDI" failures="0" tests="4" name="Runner.OnlyQueueDataDrivenRunner" time="31.318" errors="0" timestamp="2025-12-04T17:46:12 GMT-05:00" skipped="0">
  <testcase classname="Runner.OnlyQueueDataDrivenRunner" name="runScenario" time="7.263"/>
  <testcase classname="Runner.OnlyQueueDataDrivenRunner" name="runScenario" time="7.524"/>
  <testcase classname="Runner.OnlyQueueDataDrivenRunner" name="runScenario" time="8.120"/>
  <testcase classname="Runner.OnlyQueueDataDrivenRunner" name="runScenario" time="8.411"/>
</testsuite> <!-- Runner.OnlyQueueDataDrivenRunner -->
