<?xml version="1.0" encoding="UTF-8"?>
<!-- Generated by org.testng.reporters.JUnitReportReporter -->
<testsuite hostname="DESKTOP-0BECNDI" failures="0" tests="4" name="Runner.QueueDataDrivenRunner" time="32.083" errors="0" timestamp="2025-12-02T09:18:58 GMT-05:00" skipped="0">
  <testcase classname="Runner.QueueDataDrivenRunner" name="runScenario" time="9.455"/>
  <testcase classname="Runner.QueueDataDrivenRunner" name="runScenario" time="7.567"/>
  <testcase classname="Runner.QueueDataDrivenRunner" name="runScenario" time="7.441"/>
  <testcase classname="Runner.QueueDataDrivenRunner" name="runScenario" time="7.620"/>
</testsuite> <!-- Runner.QueueDataDrivenRunner -->
