<?xml version="1.0" encoding="UTF-8"?>
<!-- Generated by org.testng.reporters.JUnitReportReporter -->
<testsuite hostname="DESKTOP-0BECNDI" failures="0" tests="38" name="Runner.TestRunner" time="341.197" errors="0" timestamp="2025-12-05T18:27:46 GMT-05:00" skipped="0">
  <testcase classname="Runner.TestRunner" name="runScenario" time="4.793"/>
  <testcase classname="Runner.TestRunner" name="runScenario" time="7.780"/>
  <testcase classname="Runner.TestRunner" name="runScenario" time="7.796"/>
  <testcase classname="Runner.TestRunner" name="runScenario" time="4.319"/>
  <testcase classname="Runner.TestRunner" name="runScenario" time="7.496"/>
  <testcase classname="Runner.TestRunner" name="runScenario" time="4.807"/>
  <testcase classname="Runner.TestRunner" name="runScenario" time="34.950"/>
  <testcase classname="Runner.TestRunner" name="runScenario" time="7.500"/>
  <testcase classname="Runner.TestRunner" name="runScenario" time="4.443"/>
  <testcase classname="Runner.TestRunner" name="runScenario" time="6.359"/>
  <testcase classname="Runner.TestRunner" name="runScenario" time="7.753"/>
  <testcase classname="Runner.TestRunner" name="runScenario" time="4.994"/>
  <testcase classname="Runner.TestRunner" name="runScenario" time="5.013"/>
  <testcase classname="Runner.TestRunner" name="runScenario" time="6.191"/>
  <testcase classname="Runner.TestRunner" name="runScenario" time="4.467"/>
  <testcase classname="Runner.TestRunner" name="runScenario" time="5.976"/>
  <testcase classname="Runner.TestRunner" name="runScenario" time="7.779"/>
  <testcase classname="Runner.TestRunner" name="runScenario" time="7.755"/>
  <testcase classname="Runner.TestRunner" name="runScenario" time="7.752"/>
  <testcase classname="Runner.TestRunner" name="runScenario" time="6.426"/>
  <testcase classname="Runner.TestRunner" name="runScenario" time="6.112"/>
  <testcase classname="Runner.TestRunner" name="runScenario" time="6.165"/>
  <testcase classname="Runner.TestRunner" name="runScenario" time="8.200"/>
  <testcase classname="Runner.TestRunner" name="runScenario" time="8.820"/>
  <testcase classname="Runner.TestRunner" name="runScenario" time="8.119"/>
  <testcase classname="Runner.TestRunner" name="runScenario" time="7.894"/>
  <testcase classname="Runner.TestRunner" name="runScenario" time="9.363"/>
  <testcase classname="Runner.TestRunner" name="runScenario" time="7.571"/>
  <testcase classname="Runner.TestRunner" name="runScenario" time="4.758"/>
  <testcase classname="Runner.TestRunner" name="runScenario" time="5.214"/>
  <testcase classname="Runner.TestRunner" name="runScenario" time="7.780"/>
  <testcase classname="Runner.TestRunner" name="runScenario" time="34.812"/>
  <testcase classname="Runner.TestRunner" name="runScenario" time="7.774"/>
  <testcase classname="Runner.TestRunner" name="runScenario" time="7.422"/>
  <testcase classname="Runner.TestRunner" name="runScenario" time="34.868"/>
  <testcase classname="Runner.TestRunner" name="runScenario" time="6.486"/>
  <testcase classname="Runner.TestRunner" name="runScenario" time="7.744"/>
  <testcase classname="Runner.TestRunner" name="runScenario" time="7.746"/>
</testsuite> <!-- Runner.TestRunner -->
