<?xml version="1.0" encoding="UTF-8"?>
<!-- Generated by org.testng.reporters.JUnitReportReporter -->
<testsuite hostname="DESKTOP-0BECNDI" failures="0" tests="8" name="Runner.SignInDatadrivenRunner" time="128.969" errors="0" timestamp="2025-12-04T00:04:15 GMT-05:00" skipped="0">
  <testcase classname="Runner.SignInDatadrivenRunner" name="runScenario" time="4.525"/>
  <testcase classname="Runner.SignInDatadrivenRunner" name="runScenario" time="4.272"/>
  <testcase classname="Runner.SignInDatadrivenRunner" name="runScenario" time="7.697"/>
  <testcase classname="Runner.SignInDatadrivenRunner" name="runScenario" time="5.418"/>
  <testcase classname="Runner.SignInDatadrivenRunner" name="runScenario" time="34.254"/>
  <testcase classname="Runner.SignInDatadrivenRunner" name="runScenario" time="4.325"/>
  <testcase classname="Runner.SignInDatadrivenRunner" name="runScenario" time="34.269"/>
  <testcase classname="Runner.SignInDatadrivenRunner" name="runScenario" time="34.209"/>
</testsuite> <!-- Runner.SignInDatadrivenRunner -->
