<?xml version="1.0" encoding="UTF-8"?>
<!-- Generated by org.testng.reporters.JUnitReportReporter -->
<testsuite hostname="DESKTOP-0BECNDI" failures="0" tests="24" name="Runner.GraphDataDrivenRunner" time="219.917" errors="0" timestamp="2025-12-02T13:46:35 GMT-05:00" skipped="0">
  <testcase classname="Runner.GraphDataDrivenRunner" name="runScenario" time="8.466"/>
  <testcase classname="Runner.GraphDataDrivenRunner" name="runScenario" time="8.316"/>
  <testcase classname="Runner.GraphDataDrivenRunner" name="runScenario" time="8.178"/>
  <testcase classname="Runner.GraphDataDrivenRunner" name="runScenario" time="10.239"/>
  <testcase classname="Runner.GraphDataDrivenRunner" name="runScenario" time="9.824"/>
  <testcase classname="Runner.GraphDataDrivenRunner" name="runScenario" time="8.372"/>
  <testcase classname="Runner.GraphDataDrivenRunner" name="runScenario" time="8.124"/>
  <testcase classname="Runner.GraphDataDrivenRunner" name="runScenario" time="10.506"/>
  <testcase classname="Runner.GraphDataDrivenRunner" name="runScenario" time="8.825"/>
  <testcase classname="Runner.GraphDataDrivenRunner" name="runScenario" time="9.943"/>
  <testcase classname="Runner.GraphDataDrivenRunner" name="runScenario" time="9.174"/>
  <testcase classname="Runner.GraphDataDrivenRunner" name="runScenario" time="8.446"/>
  <testcase classname="Runner.GraphDataDrivenRunner" name="runScenario" time="8.556"/>
  <testcase classname="Runner.GraphDataDrivenRunner" name="runScenario" time="8.465"/>
  <testcase classname="Runner.GraphDataDrivenRunner" name="runScenario" time="16.121"/>
  <testcase classname="Runner.GraphDataDrivenRunner" name="runScenario" time="8.319"/>
  <testcase classname="Runner.GraphDataDrivenRunner" name="runScenario" time="8.459"/>
  <testcase classname="Runner.GraphDataDrivenRunner" name="runScenario" time="9.314"/>
  <testcase classname="Runner.GraphDataDrivenRunner" name="runScenario" time="8.343"/>
  <testcase classname="Runner.GraphDataDrivenRunner" name="runScenario" time="8.398"/>
  <testcase classname="Runner.GraphDataDrivenRunner" name="runScenario" time="9.686"/>
  <testcase classname="Runner.GraphDataDrivenRunner" name="runScenario" time="8.579"/>
  <testcase classname="Runner.GraphDataDrivenRunner" name="runScenario" time="8.557"/>
  <testcase classname="Runner.GraphDataDrivenRunner" name="runScenario" time="8.707"/>
</testsuite> <!-- Runner.GraphDataDrivenRunner -->
