<?xml version="1.0" encoding="UTF-8"?>
<!-- Generated by org.testng.reporters.JUnitReportReporter -->
<testsuite hostname="DESKTOP-0BECNDI" failures="0" tests="8" name="Runner.SignInDatadrivenRunner" time="127.326" errors="0" timestamp="2025-12-05T17:10:39 GMT-05:00" skipped="0">
  <testcase classname="Runner.SignInDatadrivenRunner" name="runScenario" time="34.194"/>
  <testcase classname="Runner.SignInDatadrivenRunner" name="runScenario" time="4.667"/>
  <testcase classname="Runner.SignInDatadrivenRunner" name="runScenario" time="4.372"/>
  <testcase classname="Runner.SignInDatadrivenRunner" name="runScenario" time="34.336"/>
  <testcase classname="Runner.SignInDatadrivenRunner" name="runScenario" time="4.338"/>
  <testcase classname="Runner.SignInDatadrivenRunner" name="runScenario" time="7.109"/>
  <testcase classname="Runner.SignInDatadrivenRunner" name="runScenario" time="4.307"/>
  <testcase classname="Runner.SignInDatadrivenRunner" name="runScenario" time="34.003"/>
</testsuite> <!-- Runner.SignInDatadrivenRunner -->
