<?xml version="1.0" encoding="UTF-8"?>
<!-- Generated by org.testng.reporters.JUnitReportReporter -->
<testsuite hostname="DESKTOP-0BECNDI" failures="0" tests="24" name="Runner.GraphandQueueDataDrivenRunner" time="169.984" errors="0" timestamp="2025-12-04T18:03:02 GMT-05:00" skipped="0">
  <testcase classname="Runner.GraphandQueueDataDrivenRunner" name="runScenario" time="7.518"/>
  <testcase classname="Runner.GraphandQueueDataDrivenRunner" name="runScenario" time="7.330"/>
  <testcase classname="Runner.GraphandQueueDataDrivenRunner" name="runScenario" time="7.013"/>
  <testcase classname="Runner.GraphandQueueDataDrivenRunner" name="runScenario" time="7.167"/>
  <testcase classname="Runner.GraphandQueueDataDrivenRunner" name="runScenario" time="6.946"/>
  <testcase classname="Runner.GraphandQueueDataDrivenRunner" name="runScenario" time="7.551"/>
  <testcase classname="Runner.GraphandQueueDataDrivenRunner" name="runScenario" time="7.111"/>
  <testcase classname="Runner.GraphandQueueDataDrivenRunner" name="runScenario" time="7.404"/>
  <testcase classname="Runner.GraphandQueueDataDrivenRunner" name="runScenario" time="6.692"/>
  <testcase classname="Runner.GraphandQueueDataDrivenRunner" name="runScenario" time="6.744"/>
  <testcase classname="Runner.GraphandQueueDataDrivenRunner" name="runScenario" time="6.519"/>
  <testcase classname="Runner.GraphandQueueDataDrivenRunner" name="runScenario" time="7.164"/>
  <testcase classname="Runner.GraphandQueueDataDrivenRunner" name="runScenario" time="6.760"/>
  <testcase classname="Runner.GraphandQueueDataDrivenRunner" name="runScenario" time="7.003"/>
  <testcase classname="Runner.GraphandQueueDataDrivenRunner" name="runScenario" time="6.913"/>
  <testcase classname="Runner.GraphandQueueDataDrivenRunner" name="runScenario" time="6.802"/>
  <testcase classname="Runner.GraphandQueueDataDrivenRunner" name="runScenario" time="6.306"/>
  <testcase classname="Runner.GraphandQueueDataDrivenRunner" name="runScenario" time="7.265"/>
  <testcase classname="Runner.GraphandQueueDataDrivenRunner" name="runScenario" time="6.813"/>
  <testcase classname="Runner.GraphandQueueDataDrivenRunner" name="runScenario" time="8.966"/>
  <testcase classname="Runner.GraphandQueueDataDrivenRunner" name="runScenario" time="6.953"/>
  <testcase classname="Runner.GraphandQueueDataDrivenRunner" name="runScenario" time="6.354"/>
  <testcase classname="Runner.GraphandQueueDataDrivenRunner" name="runScenario" time="7.041"/>
  <testcase classname="Runner.GraphandQueueDataDrivenRunner" name="runScenario" time="7.649"/>
</testsuite> <!-- Runner.GraphandQueueDataDrivenRunner -->
