<?xml version="1.0" encoding="UTF-8"?>
<!-- Generated by org.testng.reporters.JUnitReportReporter -->
<testsuite hostname="DESKTOP-0BECNDI" failures="0" tests="5" name="Runner.ExcelTestRunner" time="26.577" errors="0" timestamp="2025-11-26T10:05:08 GMT-05:00" skipped="0">
  <testcase classname="Runner.ExcelTestRunner" name="runScenario" time="5.472"/>
  <testcase classname="Runner.ExcelTestRunner" name="runScenario" time="7.213"/>
  <testcase classname="Runner.ExcelTestRunner" name="runScenario" time="4.511"/>
  <testcase classname="Runner.ExcelTestRunner" name="runScenario" time="4.987"/>
  <testcase classname="Runner.ExcelTestRunner" name="runScenario" time="4.394"/>
</testsuite> <!-- Runner.ExcelTestRunner -->
